ERROR: LoadError: TaskFailedException

    nested task error: UndefVarError: `readdlm` not defined
    Stacktrace:
     [1] macro expansion
       @ ~/transfermatrices/julia_scripts/move_bottom_insertion.jl:9 [inlined]
     [2] (::var"#3#threadsfor_fun#2"{var"#3#threadsfor_fun#1#3"{UnitRange{Int64}}})(tid::Int64; onethread::Bool)
       @ Main ./threadingconstructs.jl:215
     [3] #3#threadsfor_fun
       @ ./threadingconstructs.jl:182 [inlined]
     [4] (::Base.Threads.var"#1#2"{var"#3#threadsfor_fun#2"{var"#3#threadsfor_fun#1#3"{UnitRange{Int64}}}, Int64})()
       @ Base.Threads ./threadingconstructs.jl:154

...and 6 more exceptions.

Stacktrace:
 [1] threading_run(fun::var"#3#threadsfor_fun#2"{var"#3#threadsfor_fun#1#3"{UnitRange{Int64}}}, static::Bool)
   @ Base.Threads ./threadingconstructs.jl:172
 [2] macro expansion
   @ ./threadingconstructs.jl:220 [inlined]
 [3] top-level scope
   @ ~/transfermatrices/julia_scripts/move_bottom_insertion.jl:219
in expression starting at /home/roux/transfermatrices/julia_scripts/move_bottom_insertion.jl:8
