ERROR: LoadError: TaskFailedException

    nested task error: ArgumentError: cannot parse "Norm: 1" as BigFloat
    Stacktrace:
      [1] _parse_failure(T::Type, s::SubString{String}, startpos::Int64, endpos::Int64)
        @ Base ./parse.jl:387
      [2] #tryparse_internal#528
        @ ./parse.jl:383 [inlined]
      [3] tryparse_internal
        @ ./parse.jl:380 [inlined]
      [4] parse
        @ ./parse.jl:393 [inlined]
      [5] BigFloat
        @ ./mpfr.jl:300 [inlined]
      [6] BigFloat(x::SubString{String})
        @ Base.MPFR ./mpfr.jl:300
      [7] _broadcast_getindex_evalf
        @ ./broadcast.jl:709 [inlined]
      [8] _broadcast_getindex
        @ ./broadcast.jl:682 [inlined]
      [9] getindex
        @ ./broadcast.jl:636 [inlined]
     [10] macro expansion
        @ ./broadcast.jl:1004 [inlined]
     [11] macro expansion
        @ ./simdloop.jl:77 [inlined]
     [12] copyto!
        @ ./broadcast.jl:1003 [inlined]
     [13] copyto!
        @ ./broadcast.jl:956 [inlined]
     [14] copy
        @ ./broadcast.jl:928 [inlined]
     [15] materialize(bc::Base.Broadcast.Broadcasted{Base.Broadcast.DefaultArrayStyle{2}, Nothing, Type{BigFloat}, Tuple{Matrix{Any}}})
        @ Base.Broadcast ./broadcast.jl:903
     [16] macro expansion
        @ ~/transfermatrices/julia_scripts/move_bottom_insertion.jl:10 [inlined]
     [17] (::var"#3#threadsfor_fun#2"{var"#3#threadsfor_fun#1#3"{UnitRange{Int64}}})(tid::Int64; onethread::Bool)
        @ Main ./threadingconstructs.jl:215
     [18] #3#threadsfor_fun
        @ ./threadingconstructs.jl:182 [inlined]
     [19] (::Base.Threads.var"#1#2"{var"#3#threadsfor_fun#2"{var"#3#threadsfor_fun#1#3"{UnitRange{Int64}}}, Int64})()
        @ Base.Threads ./threadingconstructs.jl:154

...and 8 more exceptions.

Stacktrace:
 [1] threading_run(fun::var"#3#threadsfor_fun#2"{var"#3#threadsfor_fun#1#3"{UnitRange{Int64}}}, static::Bool)
   @ Base.Threads ./threadingconstructs.jl:172
 [2] macro expansion
   @ ./threadingconstructs.jl:220 [inlined]
 [3] top-level scope
   @ ~/transfermatrices/julia_scripts/move_bottom_insertion.jl:219
in expression starting at /home/roux/transfermatrices/julia_scripts/move_bottom_insertion.jl:9
